{"C:\\Users\\sorcun\\Desktop\\NODE\\NodeJS_Noob\\movie-api\\index.js": {"path":"C:\\Users\\sorcun\\Desktop\\NODE\\NodeJS_Noob\\movie-api\\index.js","statementMap":{"0":{"start":{"line":1,"column":16},"end":{"line":1,"column":34}},"1":{"start":{"line":2,"column":12},"end":{"line":2,"column":21}},"2":{"start":{"line":3,"column":16},"end":{"line":3,"column":34}},"3":{"start":{"line":5,"column":0},"end":{"line":5,"column":31}},"4":{"start":{"line":6,"column":0},"end":{"line":6,"column":32}},"5":{"start":{"line":7,"column":0},"end":{"line":7,"column":26}},"6":{"start":{"line":8,"column":0},"end":{"line":8,"column":30}},"7":{"start":{"line":9,"column":0},"end":{"line":9,"column":34}},"8":{"start":{"line":11,"column":13},"end":{"line":11,"column":37}},"9":{"start":{"line":13,"column":15},"end":{"line":15,"column":2}},"10":{"start":{"line":14,"column":4},"end":{"line":14,"column":53}},"11":{"start":{"line":17,"column":0},"end":{"line":17,"column":24}}},"fnMap":{"0":{"name":"(anonymous_0)","decl":{"start":{"line":13,"column":32},"end":{"line":13,"column":33}},"loc":{"start":{"line":13,"column":38},"end":{"line":15,"column":1}},"line":13}},"branchMap":{"0":{"loc":{"start":{"line":11,"column":13},"end":{"line":11,"column":37}},"type":"binary-expr","locations":[{"start":{"line":11,"column":13},"end":{"line":11,"column":29}},{"start":{"line":11,"column":33},"end":{"line":11,"column":37}}],"line":11}},"s":{"0":3,"1":3,"2":3,"3":3,"4":3,"5":3,"6":3,"7":3,"8":3,"9":3,"10":3,"11":3},"f":{"0":3},"b":{"0":[3,3]},"_coverageSchema":"43e27e138ebf9cfc5966b082cf9a028302ed4184","hash":"913e1782bf03bf35bf490466c8eee600d08443ac"}
,"C:\\Users\\sorcun\\Desktop\\NODE\\NodeJS_Noob\\movie-api\\middleware\\auth.js": {"path":"C:\\Users\\sorcun\\Desktop\\NODE\\NodeJS_Noob\\movie-api\\middleware\\auth.js","statementMap":{"0":{"start":{"line":1,"column":12},"end":{"line":1,"column":35}},"1":{"start":{"line":2,"column":15},"end":{"line":2,"column":32}},"2":{"start":{"line":5,"column":18},"end":{"line":5,"column":44}},"3":{"start":{"line":6,"column":4},"end":{"line":6,"column":65}},"4":{"start":{"line":6,"column":16},"end":{"line":6,"column":65}},"5":{"start":{"line":8,"column":4},"end":{"line":14,"column":5}},"6":{"start":{"line":9,"column":24},"end":{"line":9,"column":70}},"7":{"start":{"line":10,"column":8},"end":{"line":10,"column":27}},"8":{"start":{"line":11,"column":8},"end":{"line":11,"column":15}},"9":{"start":{"line":13,"column":8},"end":{"line":13,"column":46}},"10":{"start":{"line":17,"column":0},"end":{"line":17,"column":22}}},"fnMap":{"0":{"name":"auth","decl":{"start":{"line":4,"column":9},"end":{"line":4,"column":13}},"loc":{"start":{"line":4,"column":30},"end":{"line":15,"column":1}},"line":4}},"branchMap":{"0":{"loc":{"start":{"line":6,"column":4},"end":{"line":6,"column":65}},"type":"if","locations":[{"start":{"line":6,"column":4},"end":{"line":6,"column":65}},{"start":{"line":6,"column":4},"end":{"line":6,"column":65}}],"line":6}},"s":{"0":4,"1":4,"2":8,"3":8,"4":2,"5":6,"6":6,"7":5,"8":5,"9":1,"10":4},"f":{"0":8},"b":{"0":[2,6]},"_coverageSchema":"43e27e138ebf9cfc5966b082cf9a028302ed4184","hash":"07146c9d93dac216b0217fb761d923fb83907b70"}
,"C:\\Users\\sorcun\\Desktop\\NODE\\NodeJS_Noob\\movie-api\\middleware\\error.js": {"path":"C:\\Users\\sorcun\\Desktop\\NODE\\NodeJS_Noob\\movie-api\\middleware\\error.js","statementMap":{"0":{"start":{"line":1,"column":16},"end":{"line":1,"column":34}},"1":{"start":{"line":3,"column":0},"end":{"line":7,"column":1}},"2":{"start":{"line":4,"column":4},"end":{"line":4,"column":36}},"3":{"start":{"line":6,"column":4},"end":{"line":6,"column":45}}},"fnMap":{"0":{"name":"(anonymous_0)","decl":{"start":{"line":3,"column":17},"end":{"line":3,"column":18}},"loc":{"start":{"line":3,"column":47},"end":{"line":7,"column":1}},"line":3}},"branchMap":{},"s":{"0":3,"1":3,"2":0,"3":0},"f":{"0":0},"b":{},"_coverageSchema":"43e27e138ebf9cfc5966b082cf9a028302ed4184","hash":"b122d1c89d62bcb6a0e6c5325c71ddfa2d70a55d"}
,"C:\\Users\\sorcun\\Desktop\\NODE\\NodeJS_Noob\\movie-api\\middleware\\validateObjectId.js": {"path":"C:\\Users\\sorcun\\Desktop\\NODE\\NodeJS_Noob\\movie-api\\middleware\\validateObjectId.js","statementMap":{"0":{"start":{"line":1,"column":17},"end":{"line":1,"column":36}},"1":{"start":{"line":3,"column":1},"end":{"line":8,"column":2}},"2":{"start":{"line":4,"column":5},"end":{"line":5,"column":50}},"3":{"start":{"line":5,"column":8},"end":{"line":5,"column":50}},"4":{"start":{"line":7,"column":4},"end":{"line":7,"column":11}}},"fnMap":{"0":{"name":"(anonymous_0)","decl":{"start":{"line":3,"column":18},"end":{"line":3,"column":19}},"loc":{"start":{"line":3,"column":42},"end":{"line":8,"column":2}},"line":3}},"branchMap":{"0":{"loc":{"start":{"line":4,"column":5},"end":{"line":5,"column":50}},"type":"if","locations":[{"start":{"line":4,"column":5},"end":{"line":5,"column":50}},{"start":{"line":4,"column":5},"end":{"line":5,"column":50}}],"line":4}},"s":{"0":3,"1":3,"2":2,"3":1,"4":1},"f":{"0":2},"b":{"0":[1,1]},"_coverageSchema":"43e27e138ebf9cfc5966b082cf9a028302ed4184","hash":"ba3817bbb2331dfaf843e7d8e820d5f6c984f20b"}
,"C:\\Users\\sorcun\\Desktop\\NODE\\NodeJS_Noob\\movie-api\\model\\customer.js": {"path":"C:\\Users\\sorcun\\Desktop\\NODE\\NodeJS_Noob\\movie-api\\model\\customer.js","statementMap":{"0":{"start":{"line":1,"column":17},"end":{"line":1,"column":36}},"1":{"start":{"line":2,"column":12},"end":{"line":2,"column":26}},"2":{"start":{"line":4,"column":23},"end":{"line":21,"column":2}},"3":{"start":{"line":23,"column":17},"end":{"line":23,"column":59}},"4":{"start":{"line":26,"column":19},"end":{"line":30,"column":5}},"5":{"start":{"line":32,"column":4},"end":{"line":32,"column":42}},"6":{"start":{"line":35,"column":0},"end":{"line":35,"column":36}},"7":{"start":{"line":36,"column":0},"end":{"line":36,"column":28}},"8":{"start":{"line":37,"column":0},"end":{"line":37,"column":41}}},"fnMap":{"0":{"name":"validateCustomer","decl":{"start":{"line":25,"column":9},"end":{"line":25,"column":25}},"loc":{"start":{"line":25,"column":36},"end":{"line":33,"column":1}},"line":25}},"branchMap":{},"s":{"0":3,"1":3,"2":3,"3":3,"4":0,"5":0,"6":3,"7":3,"8":3},"f":{"0":0},"b":{},"_coverageSchema":"43e27e138ebf9cfc5966b082cf9a028302ed4184","hash":"eee4d798b9ed9cc644546f74ec93ede6426da361"}
,"C:\\Users\\sorcun\\Desktop\\NODE\\NodeJS_Noob\\movie-api\\model\\genre.js": {"path":"C:\\Users\\sorcun\\Desktop\\NODE\\NodeJS_Noob\\movie-api\\model\\genre.js","statementMap":{"0":{"start":{"line":1,"column":17},"end":{"line":1,"column":36}},"1":{"start":{"line":2,"column":12},"end":{"line":2,"column":26}},"2":{"start":{"line":4,"column":20},"end":{"line":11,"column":2}},"3":{"start":{"line":13,"column":14},"end":{"line":13,"column":50}},"4":{"start":{"line":16,"column":19},"end":{"line":18,"column":5}},"5":{"start":{"line":19,"column":4},"end":{"line":19,"column":39}},"6":{"start":{"line":22,"column":0},"end":{"line":22,"column":34}},"7":{"start":{"line":23,"column":0},"end":{"line":23,"column":33}},"8":{"start":{"line":24,"column":0},"end":{"line":24,"column":22}}},"fnMap":{"0":{"name":"validateGenre","decl":{"start":{"line":15,"column":9},"end":{"line":15,"column":22}},"loc":{"start":{"line":15,"column":30},"end":{"line":20,"column":1}},"line":15}},"branchMap":{},"s":{"0":3,"1":3,"2":3,"3":3,"4":4,"5":4,"6":3,"7":3,"8":3},"f":{"0":4},"b":{},"_coverageSchema":"43e27e138ebf9cfc5966b082cf9a028302ed4184","hash":"d1d39689ac71d312d236d1294b65acecd77cb618"}
,"C:\\Users\\sorcun\\Desktop\\NODE\\NodeJS_Noob\\movie-api\\model\\movie.js": {"path":"C:\\Users\\sorcun\\Desktop\\NODE\\NodeJS_Noob\\movie-api\\model\\movie.js","statementMap":{"0":{"start":{"line":1,"column":17},"end":{"line":1,"column":36}},"1":{"start":{"line":2,"column":12},"end":{"line":2,"column":26}},"2":{"start":{"line":3,"column":24},"end":{"line":3,"column":49}},"3":{"start":{"line":5,"column":20},"end":{"line":29,"column":2}},"4":{"start":{"line":31,"column":14},"end":{"line":31,"column":50}},"5":{"start":{"line":36,"column":19},"end":{"line":41,"column":5}},"6":{"start":{"line":42,"column":4},"end":{"line":42,"column":39}},"7":{"start":{"line":45,"column":0},"end":{"line":45,"column":22}},"8":{"start":{"line":46,"column":0},"end":{"line":46,"column":33}}},"fnMap":{"0":{"name":"validateMovie","decl":{"start":{"line":35,"column":9},"end":{"line":35,"column":22}},"loc":{"start":{"line":35,"column":30},"end":{"line":43,"column":1}},"line":35}},"branchMap":{},"s":{"0":3,"1":3,"2":3,"3":3,"4":3,"5":0,"6":0,"7":3,"8":3},"f":{"0":0},"b":{},"_coverageSchema":"43e27e138ebf9cfc5966b082cf9a028302ed4184","hash":"4dee1b0cf82dcfdea9eea472c51646ad19f1985e"}
,"C:\\Users\\sorcun\\Desktop\\NODE\\NodeJS_Noob\\movie-api\\model\\rental.js": {"path":"C:\\Users\\sorcun\\Desktop\\NODE\\NodeJS_Noob\\movie-api\\model\\rental.js","statementMap":{"0":{"start":{"line":1,"column":17},"end":{"line":1,"column":36}},"1":{"start":{"line":2,"column":12},"end":{"line":2,"column":26}},"2":{"start":{"line":4,"column":15},"end":{"line":56,"column":3}},"3":{"start":{"line":59,"column":19},"end":{"line":62,"column":5}},"4":{"start":{"line":63,"column":4},"end":{"line":63,"column":40}},"5":{"start":{"line":66,"column":0},"end":{"line":66,"column":24}},"6":{"start":{"line":67,"column":0},"end":{"line":67,"column":34}}},"fnMap":{"0":{"name":"validateRental","decl":{"start":{"line":58,"column":9},"end":{"line":58,"column":23}},"loc":{"start":{"line":58,"column":32},"end":{"line":64,"column":1}},"line":58}},"branchMap":{},"s":{"0":3,"1":3,"2":3,"3":0,"4":0,"5":3,"6":3},"f":{"0":0},"b":{},"_coverageSchema":"43e27e138ebf9cfc5966b082cf9a028302ed4184","hash":"92cde7d39bbcc36d103716633bccab3b605b9a8c"}
,"C:\\Users\\sorcun\\Desktop\\NODE\\NodeJS_Noob\\movie-api\\model\\users.js": {"path":"C:\\Users\\sorcun\\Desktop\\NODE\\NodeJS_Noob\\movie-api\\model\\users.js","statementMap":{"0":{"start":{"line":1,"column":17},"end":{"line":1,"column":36}},"1":{"start":{"line":2,"column":12},"end":{"line":2,"column":26}},"2":{"start":{"line":3,"column":12},"end":{"line":3,"column":35}},"3":{"start":{"line":4,"column":15},"end":{"line":4,"column":32}},"4":{"start":{"line":6,"column":19},"end":{"line":30,"column":2}},"5":{"start":{"line":32,"column":0},"end":{"line":40,"column":1}},"6":{"start":{"line":33,"column":18},"end":{"line":38,"column":5}},"7":{"start":{"line":39,"column":4},"end":{"line":39,"column":17}},"8":{"start":{"line":42,"column":13},"end":{"line":42,"column":47}},"9":{"start":{"line":45,"column":19},"end":{"line":49,"column":5}},"10":{"start":{"line":51,"column":4},"end":{"line":51,"column":38}},"11":{"start":{"line":54,"column":0},"end":{"line":54,"column":20}},"12":{"start":{"line":55,"column":0},"end":{"line":55,"column":32}}},"fnMap":{"0":{"name":"(anonymous_0)","decl":{"start":{"line":32,"column":39},"end":{"line":32,"column":40}},"loc":{"start":{"line":32,"column":51},"end":{"line":40,"column":1}},"line":32},"1":{"name":"validateUser","decl":{"start":{"line":44,"column":9},"end":{"line":44,"column":21}},"loc":{"start":{"line":44,"column":28},"end":{"line":52,"column":1}},"line":44}},"branchMap":{},"s":{"0":5,"1":5,"2":5,"3":5,"4":5,"5":5,"6":9,"7":9,"8":5,"9":0,"10":0,"11":5,"12":5},"f":{"0":9,"1":0},"b":{},"_coverageSchema":"43e27e138ebf9cfc5966b082cf9a028302ed4184","hash":"77d42d0d21766e6bfad2031f0864b4498f134107"}
,"C:\\Users\\sorcun\\Desktop\\NODE\\NodeJS_Noob\\movie-api\\routes\\auth.js": {"path":"C:\\Users\\sorcun\\Desktop\\NODE\\NodeJS_Noob\\movie-api\\routes\\auth.js","statementMap":{"0":{"start":{"line":1,"column":16},"end":{"line":1,"column":34}},"1":{"start":{"line":2,"column":15},"end":{"line":2,"column":31}},"2":{"start":{"line":3,"column":17},"end":{"line":3,"column":42}},"3":{"start":{"line":4,"column":12},"end":{"line":4,"column":26}},"4":{"start":{"line":5,"column":15},"end":{"line":5,"column":32}},"5":{"start":{"line":7,"column":0},"end":{"line":19,"column":3}},"6":{"start":{"line":8,"column":22},"end":{"line":8,"column":40}},"7":{"start":{"line":9,"column":4},"end":{"line":9,"column":69}},"8":{"start":{"line":9,"column":15},"end":{"line":9,"column":69}},"9":{"start":{"line":11,"column":15},"end":{"line":11,"column":60}},"10":{"start":{"line":12,"column":4},"end":{"line":12,"column":68}},"11":{"start":{"line":12,"column":15},"end":{"line":12,"column":68}},"12":{"start":{"line":14,"column":26},"end":{"line":14,"column":80}},"13":{"start":{"line":15,"column":4},"end":{"line":15,"column":72}},"14":{"start":{"line":15,"column":24},"end":{"line":15,"column":72}},"15":{"start":{"line":17,"column":18},"end":{"line":17,"column":42}},"16":{"start":{"line":18,"column":4},"end":{"line":18,"column":20}},"17":{"start":{"line":23,"column":19},"end":{"line":26,"column":5}},"18":{"start":{"line":27,"column":4},"end":{"line":27,"column":37}},"19":{"start":{"line":30,"column":0},"end":{"line":30,"column":24}}},"fnMap":{"0":{"name":"(anonymous_0)","decl":{"start":{"line":7,"column":17},"end":{"line":7,"column":18}},"loc":{"start":{"line":7,"column":37},"end":{"line":19,"column":1}},"line":7},"1":{"name":"validate","decl":{"start":{"line":22,"column":9},"end":{"line":22,"column":17}},"loc":{"start":{"line":22,"column":23},"end":{"line":28,"column":1}},"line":22}},"branchMap":{"0":{"loc":{"start":{"line":9,"column":4},"end":{"line":9,"column":69}},"type":"if","locations":[{"start":{"line":9,"column":4},"end":{"line":9,"column":69}},{"start":{"line":9,"column":4},"end":{"line":9,"column":69}}],"line":9},"1":{"loc":{"start":{"line":12,"column":4},"end":{"line":12,"column":68}},"type":"if","locations":[{"start":{"line":12,"column":4},"end":{"line":12,"column":68}},{"start":{"line":12,"column":4},"end":{"line":12,"column":68}}],"line":12},"2":{"loc":{"start":{"line":15,"column":4},"end":{"line":15,"column":72}},"type":"if","locations":[{"start":{"line":15,"column":4},"end":{"line":15,"column":72}},{"start":{"line":15,"column":4},"end":{"line":15,"column":72}}],"line":15}},"s":{"0":3,"1":3,"2":3,"3":3,"4":3,"5":3,"6":0,"7":0,"8":0,"9":0,"10":0,"11":0,"12":0,"13":0,"14":0,"15":0,"16":0,"17":0,"18":0,"19":3},"f":{"0":0,"1":0},"b":{"0":[0,0],"1":[0,0],"2":[0,0]},"_coverageSchema":"43e27e138ebf9cfc5966b082cf9a028302ed4184","hash":"64057fe624491b0e8046e54887dc01d3123a6cbb"}
,"C:\\Users\\sorcun\\Desktop\\NODE\\NodeJS_Noob\\movie-api\\routes\\customer.js": {"path":"C:\\Users\\sorcun\\Desktop\\NODE\\NodeJS_Noob\\movie-api\\routes\\customer.js","statementMap":{"0":{"start":{"line":1,"column":16},"end":{"line":1,"column":34}},"1":{"start":{"line":2,"column":15},"end":{"line":2,"column":31}},"2":{"start":{"line":3,"column":14},"end":{"line":3,"column":52}},"3":{"start":{"line":4,"column":31},"end":{"line":4,"column":59}},"4":{"start":{"line":6,"column":0},"end":{"line":9,"column":2}},"5":{"start":{"line":7,"column":26},"end":{"line":7,"column":60}},"6":{"start":{"line":8,"column":8},"end":{"line":8,"column":28}},"7":{"start":{"line":11,"column":0},"end":{"line":22,"column":3}},"8":{"start":{"line":12,"column":26},"end":{"line":12,"column":44}},"9":{"start":{"line":13,"column":8},"end":{"line":13,"column":62}},"10":{"start":{"line":13,"column":19},"end":{"line":13,"column":62}},"11":{"start":{"line":15,"column":40},"end":{"line":15,"column":48}},"12":{"start":{"line":16,"column":25},"end":{"line":20,"column":17}},"13":{"start":{"line":21,"column":8},"end":{"line":21,"column":27}},"14":{"start":{"line":24,"column":0},"end":{"line":34,"column":2}},"15":{"start":{"line":25,"column":26},"end":{"line":25,"column":44}},"16":{"start":{"line":26,"column":8},"end":{"line":26,"column":62}},"17":{"start":{"line":26,"column":19},"end":{"line":26,"column":62}},"18":{"start":{"line":27,"column":25},"end":{"line":31,"column":25}},"19":{"start":{"line":32,"column":8},"end":{"line":32,"column":91}},"20":{"start":{"line":32,"column":23},"end":{"line":32,"column":91}},"21":{"start":{"line":33,"column":8},"end":{"line":33,"column":27}},"22":{"start":{"line":36,"column":0},"end":{"line":40,"column":2}},"23":{"start":{"line":37,"column":25},"end":{"line":37,"column":72}},"24":{"start":{"line":38,"column":8},"end":{"line":38,"column":91}},"25":{"start":{"line":38,"column":23},"end":{"line":38,"column":91}},"26":{"start":{"line":39,"column":8},"end":{"line":39,"column":27}},"27":{"start":{"line":42,"column":0},"end":{"line":42,"column":24}}},"fnMap":{"0":{"name":"(anonymous_0)","decl":{"start":{"line":6,"column":16},"end":{"line":6,"column":17}},"loc":{"start":{"line":6,"column":36},"end":{"line":9,"column":1}},"line":6},"1":{"name":"(anonymous_1)","decl":{"start":{"line":11,"column":17},"end":{"line":11,"column":18}},"loc":{"start":{"line":11,"column":37},"end":{"line":22,"column":1}},"line":11},"2":{"name":"(anonymous_2)","decl":{"start":{"line":24,"column":19},"end":{"line":24,"column":20}},"loc":{"start":{"line":24,"column":39},"end":{"line":34,"column":1}},"line":24},"3":{"name":"(anonymous_3)","decl":{"start":{"line":36,"column":22},"end":{"line":36,"column":23}},"loc":{"start":{"line":36,"column":42},"end":{"line":40,"column":1}},"line":36}},"branchMap":{"0":{"loc":{"start":{"line":13,"column":8},"end":{"line":13,"column":62}},"type":"if","locations":[{"start":{"line":13,"column":8},"end":{"line":13,"column":62}},{"start":{"line":13,"column":8},"end":{"line":13,"column":62}}],"line":13},"1":{"loc":{"start":{"line":26,"column":8},"end":{"line":26,"column":62}},"type":"if","locations":[{"start":{"line":26,"column":8},"end":{"line":26,"column":62}},{"start":{"line":26,"column":8},"end":{"line":26,"column":62}}],"line":26},"2":{"loc":{"start":{"line":32,"column":8},"end":{"line":32,"column":91}},"type":"if","locations":[{"start":{"line":32,"column":8},"end":{"line":32,"column":91}},{"start":{"line":32,"column":8},"end":{"line":32,"column":91}}],"line":32},"3":{"loc":{"start":{"line":38,"column":8},"end":{"line":38,"column":91}},"type":"if","locations":[{"start":{"line":38,"column":8},"end":{"line":38,"column":91}},{"start":{"line":38,"column":8},"end":{"line":38,"column":91}}],"line":38}},"s":{"0":3,"1":3,"2":3,"3":3,"4":3,"5":0,"6":0,"7":3,"8":0,"9":0,"10":0,"11":0,"12":0,"13":0,"14":3,"15":0,"16":0,"17":0,"18":0,"19":0,"20":0,"21":0,"22":3,"23":0,"24":0,"25":0,"26":0,"27":3},"f":{"0":0,"1":0,"2":0,"3":0},"b":{"0":[0,0],"1":[0,0],"2":[0,0],"3":[0,0]},"_coverageSchema":"43e27e138ebf9cfc5966b082cf9a028302ed4184","hash":"8165250ef1ed98def83ce7ae2f2059bcb18c597b"}
,"C:\\Users\\sorcun\\Desktop\\NODE\\NodeJS_Noob\\movie-api\\routes\\genre.js": {"path":"C:\\Users\\sorcun\\Desktop\\NODE\\NodeJS_Noob\\movie-api\\routes\\genre.js","statementMap":{"0":{"start":{"line":1,"column":16},"end":{"line":1,"column":34}},"1":{"start":{"line":2,"column":15},"end":{"line":2,"column":31}},"2":{"start":{"line":3,"column":28},"end":{"line":3,"column":53}},"3":{"start":{"line":4,"column":14},"end":{"line":4,"column":49}},"4":{"start":{"line":5,"column":13},"end":{"line":5,"column":42}},"5":{"start":{"line":6,"column":25},"end":{"line":6,"column":66}},"6":{"start":{"line":9,"column":0},"end":{"line":13,"column":3}},"7":{"start":{"line":10,"column":27},"end":{"line":10,"column":58}},"8":{"start":{"line":11,"column":12},"end":{"line":11,"column":46}},"9":{"start":{"line":12,"column":12},"end":{"line":12,"column":29}},"10":{"start":{"line":15,"column":0},"end":{"line":21,"column":3}},"11":{"start":{"line":16,"column":22},"end":{"line":16,"column":64}},"12":{"start":{"line":18,"column":8},"end":{"line":18,"column":84}},"13":{"start":{"line":18,"column":19},"end":{"line":18,"column":84}},"14":{"start":{"line":20,"column":8},"end":{"line":20,"column":24}},"15":{"start":{"line":23,"column":0},"end":{"line":30,"column":3}},"16":{"start":{"line":24,"column":26},"end":{"line":24,"column":44}},"17":{"start":{"line":25,"column":8},"end":{"line":25,"column":62}},"18":{"start":{"line":25,"column":19},"end":{"line":25,"column":62}},"19":{"start":{"line":27,"column":22},"end":{"line":27,"column":56}},"20":{"start":{"line":28,"column":8},"end":{"line":28,"column":27}},"21":{"start":{"line":29,"column":8},"end":{"line":29,"column":24}},"22":{"start":{"line":32,"column":0},"end":{"line":37,"column":3}},"23":{"start":{"line":33,"column":22},"end":{"line":33,"column":75}},"24":{"start":{"line":34,"column":8},"end":{"line":34,"column":85}},"25":{"start":{"line":34,"column":20},"end":{"line":34,"column":85}},"26":{"start":{"line":35,"column":8},"end":{"line":35,"column":57}},"27":{"start":{"line":36,"column":8},"end":{"line":36,"column":24}},"28":{"start":{"line":39,"column":0},"end":{"line":47,"column":3}},"29":{"start":{"line":40,"column":26},"end":{"line":40,"column":44}},"30":{"start":{"line":41,"column":8},"end":{"line":41,"column":60}},"31":{"start":{"line":41,"column":19},"end":{"line":41,"column":60}},"32":{"start":{"line":42,"column":22},"end":{"line":44,"column":10}},"33":{"start":{"line":45,"column":8},"end":{"line":45,"column":85}},"34":{"start":{"line":45,"column":20},"end":{"line":45,"column":85}},"35":{"start":{"line":46,"column":8},"end":{"line":46,"column":24}},"36":{"start":{"line":49,"column":0},"end":{"line":49,"column":24}}},"fnMap":{"0":{"name":"(anonymous_0)","decl":{"start":{"line":9,"column":17},"end":{"line":9,"column":18}},"loc":{"start":{"line":9,"column":43},"end":{"line":13,"column":1}},"line":9},"1":{"name":"(anonymous_1)","decl":{"start":{"line":15,"column":37},"end":{"line":15,"column":38}},"loc":{"start":{"line":15,"column":63},"end":{"line":21,"column":1}},"line":15},"2":{"name":"(anonymous_2)","decl":{"start":{"line":23,"column":23},"end":{"line":23,"column":24}},"loc":{"start":{"line":23,"column":43},"end":{"line":30,"column":1}},"line":23},"3":{"name":"(anonymous_3)","decl":{"start":{"line":32,"column":22},"end":{"line":32,"column":23}},"loc":{"start":{"line":32,"column":42},"end":{"line":37,"column":1}},"line":32},"4":{"name":"(anonymous_4)","decl":{"start":{"line":39,"column":19},"end":{"line":39,"column":20}},"loc":{"start":{"line":39,"column":39},"end":{"line":47,"column":1}},"line":39}},"branchMap":{"0":{"loc":{"start":{"line":18,"column":8},"end":{"line":18,"column":84}},"type":"if","locations":[{"start":{"line":18,"column":8},"end":{"line":18,"column":84}},{"start":{"line":18,"column":8},"end":{"line":18,"column":84}}],"line":18},"1":{"loc":{"start":{"line":25,"column":8},"end":{"line":25,"column":62}},"type":"if","locations":[{"start":{"line":25,"column":8},"end":{"line":25,"column":62}},{"start":{"line":25,"column":8},"end":{"line":25,"column":62}}],"line":25},"2":{"loc":{"start":{"line":34,"column":8},"end":{"line":34,"column":85}},"type":"if","locations":[{"start":{"line":34,"column":8},"end":{"line":34,"column":85}},{"start":{"line":34,"column":8},"end":{"line":34,"column":85}}],"line":34},"3":{"loc":{"start":{"line":41,"column":8},"end":{"line":41,"column":60}},"type":"if","locations":[{"start":{"line":41,"column":8},"end":{"line":41,"column":60}},{"start":{"line":41,"column":8},"end":{"line":41,"column":60}}],"line":41},"4":{"loc":{"start":{"line":45,"column":8},"end":{"line":45,"column":85}},"type":"if","locations":[{"start":{"line":45,"column":8},"end":{"line":45,"column":85}},{"start":{"line":45,"column":8},"end":{"line":45,"column":85}}],"line":45}},"s":{"0":3,"1":3,"2":3,"3":3,"4":3,"5":3,"6":3,"7":1,"8":1,"9":1,"10":3,"11":1,"12":1,"13":0,"14":1,"15":3,"16":4,"17":4,"18":1,"19":3,"20":3,"21":3,"22":3,"23":1,"24":1,"25":0,"26":1,"27":1,"28":3,"29":0,"30":0,"31":0,"32":0,"33":0,"34":0,"35":0,"36":3},"f":{"0":1,"1":1,"2":4,"3":1,"4":0},"b":{"0":[0,1],"1":[1,3],"2":[0,1],"3":[0,0],"4":[0,0]},"_coverageSchema":"43e27e138ebf9cfc5966b082cf9a028302ed4184","hash":"4185303a7cb3dcbccc389a2fbdd7c324c7328f9d"}
,"C:\\Users\\sorcun\\Desktop\\NODE\\NodeJS_Noob\\movie-api\\routes\\movie.js": {"path":"C:\\Users\\sorcun\\Desktop\\NODE\\NodeJS_Noob\\movie-api\\routes\\movie.js","statementMap":{"0":{"start":{"line":1,"column":16},"end":{"line":1,"column":34}},"1":{"start":{"line":2,"column":15},"end":{"line":2,"column":31}},"2":{"start":{"line":3,"column":14},"end":{"line":3,"column":48}},"3":{"start":{"line":4,"column":28},"end":{"line":4,"column":53}},"4":{"start":{"line":5,"column":18},"end":{"line":5,"column":43}},"5":{"start":{"line":7,"column":0},"end":{"line":11,"column":3}},"6":{"start":{"line":8,"column":23},"end":{"line":8,"column":54}},"7":{"start":{"line":9,"column":8},"end":{"line":9,"column":47}},"8":{"start":{"line":10,"column":8},"end":{"line":10,"column":25}},"9":{"start":{"line":13,"column":0},"end":{"line":32,"column":3}},"10":{"start":{"line":14,"column":26},"end":{"line":14,"column":44}},"11":{"start":{"line":15,"column":8},"end":{"line":15,"column":62}},"12":{"start":{"line":15,"column":19},"end":{"line":15,"column":62}},"13":{"start":{"line":17,"column":22},"end":{"line":17,"column":60}},"14":{"start":{"line":18,"column":8},"end":{"line":18,"column":65}},"15":{"start":{"line":18,"column":20},"end":{"line":18,"column":65}},"16":{"start":{"line":20,"column":67},"end":{"line":20,"column":75}},"17":{"start":{"line":22,"column":22},"end":{"line":30,"column":17}},"18":{"start":{"line":31,"column":8},"end":{"line":31,"column":24}},"19":{"start":{"line":34,"column":0},"end":{"line":52,"column":3}},"20":{"start":{"line":35,"column":26},"end":{"line":35,"column":44}},"21":{"start":{"line":36,"column":8},"end":{"line":36,"column":62}},"22":{"start":{"line":36,"column":19},"end":{"line":36,"column":62}},"23":{"start":{"line":37,"column":22},"end":{"line":37,"column":60}},"24":{"start":{"line":38,"column":8},"end":{"line":38,"column":65}},"25":{"start":{"line":38,"column":20},"end":{"line":38,"column":65}},"26":{"start":{"line":40,"column":67},"end":{"line":40,"column":75}},"27":{"start":{"line":41,"column":22},"end":{"line":49,"column":25}},"28":{"start":{"line":50,"column":8},"end":{"line":50,"column":81}},"29":{"start":{"line":50,"column":20},"end":{"line":50,"column":81}},"30":{"start":{"line":51,"column":8},"end":{"line":51,"column":24}},"31":{"start":{"line":54,"column":0},"end":{"line":58,"column":2}},"32":{"start":{"line":55,"column":22},"end":{"line":55,"column":66}},"33":{"start":{"line":56,"column":8},"end":{"line":56,"column":85}},"34":{"start":{"line":56,"column":20},"end":{"line":56,"column":85}},"35":{"start":{"line":57,"column":8},"end":{"line":57,"column":24}},"36":{"start":{"line":60,"column":0},"end":{"line":60,"column":24}}},"fnMap":{"0":{"name":"(anonymous_0)","decl":{"start":{"line":7,"column":16},"end":{"line":7,"column":17}},"loc":{"start":{"line":7,"column":36},"end":{"line":11,"column":1}},"line":7},"1":{"name":"(anonymous_1)","decl":{"start":{"line":13,"column":17},"end":{"line":13,"column":18}},"loc":{"start":{"line":13,"column":37},"end":{"line":32,"column":1}},"line":13},"2":{"name":"(anonymous_2)","decl":{"start":{"line":34,"column":19},"end":{"line":34,"column":20}},"loc":{"start":{"line":34,"column":39},"end":{"line":52,"column":1}},"line":34},"3":{"name":"(anonymous_3)","decl":{"start":{"line":54,"column":22},"end":{"line":54,"column":23}},"loc":{"start":{"line":54,"column":42},"end":{"line":58,"column":1}},"line":54}},"branchMap":{"0":{"loc":{"start":{"line":15,"column":8},"end":{"line":15,"column":62}},"type":"if","locations":[{"start":{"line":15,"column":8},"end":{"line":15,"column":62}},{"start":{"line":15,"column":8},"end":{"line":15,"column":62}}],"line":15},"1":{"loc":{"start":{"line":18,"column":8},"end":{"line":18,"column":65}},"type":"if","locations":[{"start":{"line":18,"column":8},"end":{"line":18,"column":65}},{"start":{"line":18,"column":8},"end":{"line":18,"column":65}}],"line":18},"2":{"loc":{"start":{"line":36,"column":8},"end":{"line":36,"column":62}},"type":"if","locations":[{"start":{"line":36,"column":8},"end":{"line":36,"column":62}},{"start":{"line":36,"column":8},"end":{"line":36,"column":62}}],"line":36},"3":{"loc":{"start":{"line":38,"column":8},"end":{"line":38,"column":65}},"type":"if","locations":[{"start":{"line":38,"column":8},"end":{"line":38,"column":65}},{"start":{"line":38,"column":8},"end":{"line":38,"column":65}}],"line":38},"4":{"loc":{"start":{"line":50,"column":8},"end":{"line":50,"column":81}},"type":"if","locations":[{"start":{"line":50,"column":8},"end":{"line":50,"column":81}},{"start":{"line":50,"column":8},"end":{"line":50,"column":81}}],"line":50},"5":{"loc":{"start":{"line":56,"column":8},"end":{"line":56,"column":85}},"type":"if","locations":[{"start":{"line":56,"column":8},"end":{"line":56,"column":85}},{"start":{"line":56,"column":8},"end":{"line":56,"column":85}}],"line":56}},"s":{"0":3,"1":3,"2":3,"3":3,"4":3,"5":3,"6":0,"7":0,"8":0,"9":3,"10":0,"11":0,"12":0,"13":0,"14":0,"15":0,"16":0,"17":0,"18":0,"19":3,"20":0,"21":0,"22":0,"23":0,"24":0,"25":0,"26":0,"27":0,"28":0,"29":0,"30":0,"31":3,"32":0,"33":0,"34":0,"35":0,"36":3},"f":{"0":0,"1":0,"2":0,"3":0},"b":{"0":[0,0],"1":[0,0],"2":[0,0],"3":[0,0],"4":[0,0],"5":[0,0]},"_coverageSchema":"43e27e138ebf9cfc5966b082cf9a028302ed4184","hash":"265c1b11de09a64efc752e85a961c00298117f72"}
,"C:\\Users\\sorcun\\Desktop\\NODE\\NodeJS_Noob\\movie-api\\routes\\rental.js": {"path":"C:\\Users\\sorcun\\Desktop\\NODE\\NodeJS_Noob\\movie-api\\routes\\rental.js","statementMap":{"0":{"start":{"line":1,"column":16},"end":{"line":1,"column":34}},"1":{"start":{"line":2,"column":14},"end":{"line":2,"column":50}},"2":{"start":{"line":3,"column":15},"end":{"line":3,"column":31}},"3":{"start":{"line":4,"column":17},"end":{"line":4,"column":36}},"4":{"start":{"line":5,"column":13},"end":{"line":5,"column":28}},"5":{"start":{"line":7,"column":0},"end":{"line":7,"column":20}},"6":{"start":{"line":10,"column":29},"end":{"line":10,"column":55}},"7":{"start":{"line":11,"column":18},"end":{"line":11,"column":43}},"8":{"start":{"line":12,"column":21},"end":{"line":12,"column":49}},"9":{"start":{"line":14,"column":0},"end":{"line":16,"column":3}},"10":{"start":{"line":15,"column":8},"end":{"line":15,"column":28}},"11":{"start":{"line":18,"column":0},"end":{"line":54,"column":3}},"12":{"start":{"line":19,"column":26},"end":{"line":19,"column":44}},"13":{"start":{"line":20,"column":8},"end":{"line":20,"column":73}},"14":{"start":{"line":20,"column":19},"end":{"line":20,"column":73}},"15":{"start":{"line":22,"column":25},"end":{"line":22,"column":69}},"16":{"start":{"line":23,"column":8},"end":{"line":23,"column":91}},"17":{"start":{"line":23,"column":23},"end":{"line":23,"column":91}},"18":{"start":{"line":25,"column":22},"end":{"line":25,"column":60}},"19":{"start":{"line":26,"column":8},"end":{"line":26,"column":85}},"20":{"start":{"line":26,"column":20},"end":{"line":26,"column":85}},"21":{"start":{"line":27,"column":8},"end":{"line":27,"column":27}},"22":{"start":{"line":28,"column":8},"end":{"line":28,"column":87}},"23":{"start":{"line":28,"column":39},"end":{"line":28,"column":87}},"24":{"start":{"line":30,"column":21},"end":{"line":41,"column":10}},"25":{"start":{"line":42,"column":8},"end":{"line":53,"column":9}},"26":{"start":{"line":43,"column":12},"end":{"line":48,"column":23}},"27":{"start":{"line":50,"column":12},"end":{"line":50,"column":29}},"28":{"start":{"line":52,"column":12},"end":{"line":52,"column":59}},"29":{"start":{"line":56,"column":0},"end":{"line":62,"column":3}},"30":{"start":{"line":57,"column":19},"end":{"line":57,"column":55}},"31":{"start":{"line":59,"column":4},"end":{"line":59,"column":92}},"32":{"start":{"line":59,"column":17},"end":{"line":59,"column":92}},"33":{"start":{"line":61,"column":4},"end":{"line":61,"column":21}},"34":{"start":{"line":64,"column":0},"end":{"line":64,"column":24}}},"fnMap":{"0":{"name":"(anonymous_0)","decl":{"start":{"line":14,"column":16},"end":{"line":14,"column":17}},"loc":{"start":{"line":14,"column":36},"end":{"line":16,"column":1}},"line":14},"1":{"name":"(anonymous_1)","decl":{"start":{"line":18,"column":17},"end":{"line":18,"column":18}},"loc":{"start":{"line":18,"column":37},"end":{"line":54,"column":1}},"line":18},"2":{"name":"(anonymous_2)","decl":{"start":{"line":56,"column":19},"end":{"line":56,"column":20}},"loc":{"start":{"line":56,"column":39},"end":{"line":62,"column":1}},"line":56}},"branchMap":{"0":{"loc":{"start":{"line":20,"column":8},"end":{"line":20,"column":73}},"type":"if","locations":[{"start":{"line":20,"column":8},"end":{"line":20,"column":73}},{"start":{"line":20,"column":8},"end":{"line":20,"column":73}}],"line":20},"1":{"loc":{"start":{"line":23,"column":8},"end":{"line":23,"column":91}},"type":"if","locations":[{"start":{"line":23,"column":8},"end":{"line":23,"column":91}},{"start":{"line":23,"column":8},"end":{"line":23,"column":91}}],"line":23},"2":{"loc":{"start":{"line":26,"column":8},"end":{"line":26,"column":85}},"type":"if","locations":[{"start":{"line":26,"column":8},"end":{"line":26,"column":85}},{"start":{"line":26,"column":8},"end":{"line":26,"column":85}}],"line":26},"3":{"loc":{"start":{"line":28,"column":8},"end":{"line":28,"column":87}},"type":"if","locations":[{"start":{"line":28,"column":8},"end":{"line":28,"column":87}},{"start":{"line":28,"column":8},"end":{"line":28,"column":87}}],"line":28},"4":{"loc":{"start":{"line":59,"column":4},"end":{"line":59,"column":92}},"type":"if","locations":[{"start":{"line":59,"column":4},"end":{"line":59,"column":92}},{"start":{"line":59,"column":4},"end":{"line":59,"column":92}}],"line":59}},"s":{"0":3,"1":3,"2":3,"3":3,"4":3,"5":3,"6":3,"7":3,"8":3,"9":3,"10":0,"11":3,"12":0,"13":0,"14":0,"15":0,"16":0,"17":0,"18":0,"19":0,"20":0,"21":0,"22":0,"23":0,"24":0,"25":0,"26":0,"27":0,"28":0,"29":3,"30":0,"31":0,"32":0,"33":0,"34":3},"f":{"0":0,"1":0,"2":0},"b":{"0":[0,0],"1":[0,0],"2":[0,0],"3":[0,0],"4":[0,0]},"_coverageSchema":"43e27e138ebf9cfc5966b082cf9a028302ed4184","hash":"80448514ab0c92c3d76372e1149f6bbfff2b8e60"}
,"C:\\Users\\sorcun\\Desktop\\NODE\\NodeJS_Noob\\movie-api\\routes\\user.js": {"path":"C:\\Users\\sorcun\\Desktop\\NODE\\NodeJS_Noob\\movie-api\\routes\\user.js","statementMap":{"0":{"start":{"line":1,"column":16},"end":{"line":1,"column":34}},"1":{"start":{"line":2,"column":15},"end":{"line":2,"column":31}},"2":{"start":{"line":3,"column":27},"end":{"line":3,"column":52}},"3":{"start":{"line":4,"column":14},"end":{"line":4,"column":48}},"4":{"start":{"line":5,"column":10},"end":{"line":5,"column":27}},"5":{"start":{"line":6,"column":15},"end":{"line":6,"column":32}},"6":{"start":{"line":7,"column":13},"end":{"line":7,"column":42}},"7":{"start":{"line":9,"column":0},"end":{"line":12,"column":2}},"8":{"start":{"line":10,"column":17},"end":{"line":10,"column":77}},"9":{"start":{"line":11,"column":4},"end":{"line":11,"column":19}},"10":{"start":{"line":14,"column":0},"end":{"line":18,"column":2}},"11":{"start":{"line":15,"column":22},"end":{"line":15,"column":52}},"12":{"start":{"line":16,"column":8},"end":{"line":16,"column":41}},"13":{"start":{"line":17,"column":8},"end":{"line":17,"column":24}},"14":{"start":{"line":20,"column":0},"end":{"line":34,"column":2}},"15":{"start":{"line":21,"column":26},"end":{"line":21,"column":44}},"16":{"start":{"line":22,"column":8},"end":{"line":22,"column":73}},"17":{"start":{"line":22,"column":19},"end":{"line":22,"column":73}},"18":{"start":{"line":24,"column":19},"end":{"line":24,"column":64}},"19":{"start":{"line":25,"column":8},"end":{"line":25,"column":69}},"20":{"start":{"line":25,"column":18},"end":{"line":25,"column":69}},"21":{"start":{"line":27,"column":8},"end":{"line":27,"column":73}},"22":{"start":{"line":28,"column":21},"end":{"line":28,"column":45}},"23":{"start":{"line":29,"column":8},"end":{"line":29,"column":63}},"24":{"start":{"line":30,"column":8},"end":{"line":30,"column":26}},"25":{"start":{"line":32,"column":22},"end":{"line":32,"column":46}},"26":{"start":{"line":33,"column":8},"end":{"line":33,"column":80}},"27":{"start":{"line":36,"column":0},"end":{"line":36,"column":24}}},"fnMap":{"0":{"name":"(anonymous_0)","decl":{"start":{"line":9,"column":24},"end":{"line":9,"column":25}},"loc":{"start":{"line":9,"column":44},"end":{"line":12,"column":1}},"line":9},"1":{"name":"(anonymous_1)","decl":{"start":{"line":14,"column":16},"end":{"line":14,"column":17}},"loc":{"start":{"line":14,"column":36},"end":{"line":18,"column":1}},"line":14},"2":{"name":"(anonymous_2)","decl":{"start":{"line":20,"column":17},"end":{"line":20,"column":18}},"loc":{"start":{"line":20,"column":37},"end":{"line":34,"column":1}},"line":20}},"branchMap":{"0":{"loc":{"start":{"line":22,"column":8},"end":{"line":22,"column":73}},"type":"if","locations":[{"start":{"line":22,"column":8},"end":{"line":22,"column":73}},{"start":{"line":22,"column":8},"end":{"line":22,"column":73}}],"line":22},"1":{"loc":{"start":{"line":25,"column":8},"end":{"line":25,"column":69}},"type":"if","locations":[{"start":{"line":25,"column":8},"end":{"line":25,"column":69}},{"start":{"line":25,"column":8},"end":{"line":25,"column":69}}],"line":25}},"s":{"0":3,"1":3,"2":3,"3":3,"4":3,"5":3,"6":3,"7":3,"8":0,"9":0,"10":3,"11":0,"12":0,"13":0,"14":3,"15":0,"16":0,"17":0,"18":0,"19":0,"20":0,"21":0,"22":0,"23":0,"24":0,"25":0,"26":0,"27":3},"f":{"0":0,"1":0,"2":0},"b":{"0":[0,0],"1":[0,0]},"_coverageSchema":"43e27e138ebf9cfc5966b082cf9a028302ed4184","hash":"601e501abffb0c9d208acd4faa1fedc523ef744a"}
,"C:\\Users\\sorcun\\Desktop\\NODE\\NodeJS_Noob\\movie-api\\startup\\config.js": {"path":"C:\\Users\\sorcun\\Desktop\\NODE\\NodeJS_Noob\\movie-api\\startup\\config.js","statementMap":{"0":{"start":{"line":1,"column":15},"end":{"line":1,"column":32}},"1":{"start":{"line":3,"column":0},"end":{"line":7,"column":1}},"2":{"start":{"line":4,"column":4},"end":{"line":6,"column":5}},"3":{"start":{"line":5,"column":8},"end":{"line":5,"column":68}}},"fnMap":{"0":{"name":"(anonymous_0)","decl":{"start":{"line":3,"column":17},"end":{"line":3,"column":18}},"loc":{"start":{"line":3,"column":28},"end":{"line":7,"column":1}},"line":3}},"branchMap":{"0":{"loc":{"start":{"line":4,"column":4},"end":{"line":6,"column":5}},"type":"if","locations":[{"start":{"line":4,"column":4},"end":{"line":6,"column":5}},{"start":{"line":4,"column":4},"end":{"line":6,"column":5}}],"line":4}},"s":{"0":3,"1":3,"2":3,"3":0},"f":{"0":3},"b":{"0":[0,3]},"_coverageSchema":"43e27e138ebf9cfc5966b082cf9a028302ed4184","hash":"711fa9e32b5bd1803f6f76345a35830711760d85"}
,"C:\\Users\\sorcun\\Desktop\\NODE\\NodeJS_Noob\\movie-api\\startup\\db.js": {"path":"C:\\Users\\sorcun\\Desktop\\NODE\\NodeJS_Noob\\movie-api\\startup\\db.js","statementMap":{"0":{"start":{"line":1,"column":17},"end":{"line":1,"column":36}},"1":{"start":{"line":2,"column":16},"end":{"line":2,"column":34}},"2":{"start":{"line":3,"column":15},"end":{"line":3,"column":32}},"3":{"start":{"line":5,"column":0},"end":{"line":9,"column":1}},"4":{"start":{"line":6,"column":15},"end":{"line":6,"column":31}},"5":{"start":{"line":7,"column":4},"end":{"line":8,"column":54}},"6":{"start":{"line":8,"column":16},"end":{"line":8,"column":53}}},"fnMap":{"0":{"name":"(anonymous_0)","decl":{"start":{"line":5,"column":17},"end":{"line":5,"column":18}},"loc":{"start":{"line":5,"column":27},"end":{"line":9,"column":1}},"line":5},"1":{"name":"(anonymous_1)","decl":{"start":{"line":8,"column":10},"end":{"line":8,"column":11}},"loc":{"start":{"line":8,"column":16},"end":{"line":8,"column":53}},"line":8}},"branchMap":{},"s":{"0":3,"1":3,"2":3,"3":3,"4":3,"5":3,"6":3},"f":{"0":3,"1":3},"b":{},"_coverageSchema":"43e27e138ebf9cfc5966b082cf9a028302ed4184","hash":"f3efb44b65bc477848564509f8aca40bd84e7931"}
,"C:\\Users\\sorcun\\Desktop\\NODE\\NodeJS_Noob\\movie-api\\startup\\logging.js": {"path":"C:\\Users\\sorcun\\Desktop\\NODE\\NodeJS_Noob\\movie-api\\startup\\logging.js","statementMap":{"0":{"start":{"line":1,"column":0},"end":{"line":1,"column":32}},"1":{"start":{"line":3,"column":16},"end":{"line":3,"column":34}},"2":{"start":{"line":5,"column":0},"end":{"line":24,"column":1}},"3":{"start":{"line":6,"column":4},"end":{"line":8,"column":5}},"4":{"start":{"line":10,"column":5},"end":{"line":12,"column":7}},"5":{"start":{"line":11,"column":9},"end":{"line":11,"column":18}},"6":{"start":{"line":14,"column":5},"end":{"line":16,"column":8}},"7":{"start":{"line":18,"column":5},"end":{"line":18,"column":50}}},"fnMap":{"0":{"name":"(anonymous_0)","decl":{"start":{"line":5,"column":18},"end":{"line":5,"column":19}},"loc":{"start":{"line":5,"column":29},"end":{"line":24,"column":1}},"line":5},"1":{"name":"(anonymous_1)","decl":{"start":{"line":10,"column":38},"end":{"line":10,"column":39}},"loc":{"start":{"line":10,"column":46},"end":{"line":12,"column":6}},"line":10}},"branchMap":{},"s":{"0":3,"1":3,"2":3,"3":3,"4":3,"5":0,"6":3,"7":3},"f":{"0":3,"1":0},"b":{},"_coverageSchema":"43e27e138ebf9cfc5966b082cf9a028302ed4184","hash":"96b60d112ad1ad3beeac5d8da48b06cc32d4be1b"}
,"C:\\Users\\sorcun\\Desktop\\NODE\\NodeJS_Noob\\movie-api\\startup\\route.js": {"path":"C:\\Users\\sorcun\\Desktop\\NODE\\NodeJS_Noob\\movie-api\\startup\\route.js","statementMap":{"0":{"start":{"line":1,"column":16},"end":{"line":1,"column":34}},"1":{"start":{"line":2,"column":14},"end":{"line":2,"column":40}},"2":{"start":{"line":3,"column":14},"end":{"line":3,"column":40}},"3":{"start":{"line":4,"column":17},"end":{"line":4,"column":46}},"4":{"start":{"line":5,"column":15},"end":{"line":5,"column":42}},"5":{"start":{"line":6,"column":13},"end":{"line":6,"column":38}},"6":{"start":{"line":7,"column":13},"end":{"line":7,"column":38}},"7":{"start":{"line":8,"column":12},"end":{"line":8,"column":42}},"8":{"start":{"line":10,"column":0},"end":{"line":19,"column":1}},"9":{"start":{"line":11,"column":4},"end":{"line":11,"column":28}},"10":{"start":{"line":12,"column":4},"end":{"line":12,"column":34}},"11":{"start":{"line":13,"column":4},"end":{"line":13,"column":34}},"12":{"start":{"line":14,"column":4},"end":{"line":14,"column":40}},"13":{"start":{"line":15,"column":4},"end":{"line":15,"column":36}},"14":{"start":{"line":16,"column":4},"end":{"line":16,"column":32}},"15":{"start":{"line":17,"column":4},"end":{"line":17,"column":31}},"16":{"start":{"line":18,"column":4},"end":{"line":18,"column":17}}},"fnMap":{"0":{"name":"(anonymous_0)","decl":{"start":{"line":10,"column":17},"end":{"line":10,"column":18}},"loc":{"start":{"line":10,"column":30},"end":{"line":19,"column":1}},"line":10}},"branchMap":{},"s":{"0":3,"1":3,"2":3,"3":3,"4":3,"5":3,"6":3,"7":3,"8":3,"9":3,"10":3,"11":3,"12":3,"13":3,"14":3,"15":3,"16":3},"f":{"0":3},"b":{},"_coverageSchema":"43e27e138ebf9cfc5966b082cf9a028302ed4184","hash":"f8af61568ce2cfcf6841cb45ab7bfbfa1fab7265"}
,"C:\\Users\\sorcun\\Desktop\\NODE\\NodeJS_Noob\\movie-api\\startup\\validation.js": {"path":"C:\\Users\\sorcun\\Desktop\\NODE\\NodeJS_Noob\\movie-api\\startup\\validation.js","statementMap":{"0":{"start":{"line":1,"column":12},"end":{"line":1,"column":26}},"1":{"start":{"line":3,"column":0},"end":{"line":6,"column":1}},"2":{"start":{"line":5,"column":4},"end":{"line":5,"column":48}}},"fnMap":{"0":{"name":"(anonymous_0)","decl":{"start":{"line":3,"column":17},"end":{"line":3,"column":18}},"loc":{"start":{"line":3,"column":28},"end":{"line":6,"column":1}},"line":3}},"branchMap":{},"s":{"0":3,"1":3,"2":3},"f":{"0":3},"b":{},"_coverageSchema":"43e27e138ebf9cfc5966b082cf9a028302ed4184","hash":"2350d9b751bda4d199422c4562f09aa6f6f5b07c"}
}
